Dec-05 11:06:01.185 [main] INFO  com.askimed.nf.test.App - nf-test 0.9.2
Dec-05 11:06:01.198 [main] INFO  com.askimed.nf.test.App - Arguments: [test, --profile, test,docker, modules/local/convertspgxf2gxf/tests/main.nf.test, --debug]
Dec-05 11:06:01.695 [main] INFO  com.askimed.nf.test.App - Nextflow Version: 24.10.2
Dec-05 11:06:01.695 [main] INFO  com.askimed.nf.test.commands.RunTestsCommand - Load config from file /Users/rgrindle/Desktop/mdibl/wd/transcriptome_update/rnaseq_transcriptome_update/nf-test.config...
Dec-05 11:06:01.912 [main] WARN  com.askimed.nf.test.nextflow.NextflowScript - Module /Users/rgrindle/Desktop/mdibl/wd/transcriptome_update/rnaseq_transcriptome_update/workflows/rnaseq_transcriptome_update.nf: Dependency '/Users/rgrindle/Desktop/mdibl/wd/transcriptome_update/rnaseq_transcriptome_update/workflows/../modules/local/TrinityNormalization/trinity_normalization.nf.nf' not found.
Dec-05 11:06:01.912 [main] WARN  com.askimed.nf.test.nextflow.NextflowScript - Module /Users/rgrindle/Desktop/mdibl/wd/transcriptome_update/rnaseq_transcriptome_update/workflows/rnaseq_transcriptome_update.nf: Dependency '/Users/rgrindle/Desktop/mdibl/wd/transcriptome_update/rnaseq_transcriptome_update/workflows/../modules/local/TrinityNormalization/trinity_normalization.nf.nf' not found.
Dec-05 11:06:01.912 [main] WARN  com.askimed.nf.test.nextflow.NextflowScript - Module /Users/rgrindle/Desktop/mdibl/wd/transcriptome_update/rnaseq_transcriptome_update/workflows/rnaseq_transcriptome_update.nf: Dependency '/Users/rgrindle/Desktop/mdibl/wd/transcriptome_update/rnaseq_transcriptome_update/workflows/../modules/local/Samples_file_for_trinity_normalization.nf.nf' not found.
Dec-05 11:06:01.913 [main] WARN  com.askimed.nf.test.nextflow.NextflowScript - Module /Users/rgrindle/Desktop/mdibl/wd/transcriptome_update/rnaseq_transcriptome_update/workflows/rnaseq_transcriptome_update.nf: Dependency '/Users/rgrindle/Desktop/mdibl/wd/transcriptome_update/rnaseq_transcriptome_update/workflows/../modules/local/trinity.nf.nf' not found.
Dec-05 11:06:01.913 [main] WARN  com.askimed.nf.test.nextflow.NextflowScript - Module /Users/rgrindle/Desktop/mdibl/wd/transcriptome_update/rnaseq_transcriptome_update/workflows/rnaseq_transcriptome_update.nf: Dependency '/Users/rgrindle/Desktop/mdibl/wd/transcriptome_update/rnaseq_transcriptome_update/workflows/../modules/local/trinity.nf.nf' not found.
Dec-05 11:06:01.913 [main] WARN  com.askimed.nf.test.nextflow.NextflowScript - Module /Users/rgrindle/Desktop/mdibl/wd/transcriptome_update/rnaseq_transcriptome_update/workflows/rnaseq_transcriptome_update.nf: Dependency '/Users/rgrindle/Desktop/mdibl/wd/transcriptome_update/rnaseq_transcriptome_update/workflows/../subworkflows/local/trinity_normalization.nf' not found.
Dec-05 11:06:01.989 [main] INFO  com.askimed.nf.test.lang.dependencies.DependencyResolver - Loaded 150 files from directory /Users/rgrindle/Desktop/mdibl/wd/transcriptome_update/rnaseq_transcriptome_update in 0.093 sec
Dec-05 11:06:01.990 [main] INFO  com.askimed.nf.test.lang.dependencies.DependencyResolver - Found 1 files containing tests.
Dec-05 11:06:01.990 [main] DEBUG com.askimed.nf.test.lang.dependencies.DependencyResolver - Found files: [/Users/rgrindle/Desktop/mdibl/wd/transcriptome_update/rnaseq_transcriptome_update/modules/local/convertspgxf2gxf/tests/main.nf.test]
Dec-05 11:06:02.064 [main] INFO  com.askimed.nf.test.commands.RunTestsCommand - Found 1 tests to execute.
Dec-05 11:06:02.064 [main] INFO  com.askimed.nf.test.core.TestExecutionEngine - Started test plan
Dec-05 11:06:02.065 [main] INFO  com.askimed.nf.test.core.TestExecutionEngine - Running testsuite 'Test Process AGAT_CONVERTSPGXF2GXF' from file '/Users/rgrindle/Desktop/mdibl/wd/transcriptome_update/rnaseq_transcriptome_update/modules/local/convertspgxf2gxf/tests/main.nf.test'.
Dec-05 11:06:02.065 [main] INFO  com.askimed.nf.test.core.TestExecutionEngine - Run test '31b0eb85: GTF Format | AGAT | TEST'. type: com.askimed.nf.test.lang.process.ProcessTest
Dec-05 11:08:02.139 [main] DEBUG com.askimed.nf.test.lang.extensions.SnapshotFile - Load snapshots from file '/Users/rgrindle/Desktop/mdibl/wd/transcriptome_update/rnaseq_transcriptome_update/modules/local/convertspgxf2gxf/tests/main.nf.test.snap'
Dec-05 11:08:02.328 [main] DEBUG com.askimed.nf.test.lang.extensions.Snapshot - Snapshots 'GTF Format | AGAT | TEST' do not match.
Dec-05 11:08:02.329 [main] INFO  com.askimed.nf.test.core.TestExecutionEngine - Test '31b0eb85: GTF Format | AGAT | TEST' finished. status: FAILED
org.codehaus.groovy.runtime.powerassert.PowerAssertionError: 1 of 2 assertions failed
	at com.askimed.nf.test.lang.extensions.GlobalMethods.assertAll(GlobalMethods.java:48)
	at java.base/jdk.internal.reflect.NativeMethodAccessorImpl.invoke0(Native Method)
	at java.base/jdk.internal.reflect.NativeMethodAccessorImpl.invoke(NativeMethodAccessorImpl.java:77)
	at java.base/jdk.internal.reflect.DelegatingMethodAccessorImpl.invoke(DelegatingMethodAccessorImpl.java:43)
	at java.base/java.lang.reflect.Method.invoke(Method.java:568)
	at org.codehaus.groovy.reflection.CachedMethod.invoke(CachedMethod.java:107)
	at groovy.lang.MetaMethod.doMethodInvoke(MetaMethod.java:323)
	at org.codehaus.groovy.runtime.callsite.StaticMetaMethodSite.invoke(StaticMetaMethodSite.java:44)
	at org.codehaus.groovy.runtime.callsite.StaticMetaMethodSite.callStatic(StaticMetaMethodSite.java:100)
	at org.codehaus.groovy.runtime.callsite.CallSiteArray.defaultCallStatic(CallSiteArray.java:55)
	at org.codehaus.groovy.runtime.callsite.AbstractCallSite.callStatic(AbstractCallSite.java:217)
	at org.codehaus.groovy.runtime.callsite.AbstractCallSite.callStatic(AbstractCallSite.java:240)
	at main_nf$_run_closure1$_closure2$_closure4.doCall(main.nf.test:19)
	at main_nf$_run_closure1$_closure2$_closure4.doCall(main.nf.test)
	at java.base/jdk.internal.reflect.NativeMethodAccessorImpl.invoke0(Native Method)
	at java.base/jdk.internal.reflect.NativeMethodAccessorImpl.invoke(NativeMethodAccessorImpl.java:77)
	at java.base/jdk.internal.reflect.DelegatingMethodAccessorImpl.invoke(DelegatingMethodAccessorImpl.java:43)
	at java.base/java.lang.reflect.Method.invoke(Method.java:568)
	at org.codehaus.groovy.reflection.CachedMethod.invoke(CachedMethod.java:107)
	at groovy.lang.MetaMethod.doMethodInvoke(MetaMethod.java:323)
	at org.codehaus.groovy.runtime.metaclass.ClosureMetaClass.invokeMethod(ClosureMetaClass.java:274)
	at groovy.lang.MetaClassImpl.invokeMethod(MetaClassImpl.java:1030)
	at groovy.lang.Closure.call(Closure.java:427)
	at groovy.lang.Closure.call(Closure.java:406)
	at com.askimed.nf.test.lang.TestCode.execute(TestCode.java:16)
	at com.askimed.nf.test.lang.process.ProcessTest.execute(ProcessTest.java:171)
	at com.askimed.nf.test.core.TestExecutionEngine.execute(TestExecutionEngine.java:165)
	at com.askimed.nf.test.commands.RunTestsCommand.execute(RunTestsCommand.java:298)
	at com.askimed.nf.test.commands.AbstractCommand.call(AbstractCommand.java:43)
	at com.askimed.nf.test.commands.AbstractCommand.call(AbstractCommand.java:18)
	at picocli.CommandLine.executeUserObject(CommandLine.java:1953)
	at picocli.CommandLine.access$1300(CommandLine.java:145)
	at picocli.CommandLine$RunLast.executeUserObjectOfLastSubcommandWithSameParent(CommandLine.java:2352)
	at picocli.CommandLine$RunLast.handle(CommandLine.java:2346)
	at picocli.CommandLine$RunLast.handle(CommandLine.java:2311)
	at picocli.CommandLine$AbstractParseResultHandler.execute(CommandLine.java:2179)
	at picocli.CommandLine.execute(CommandLine.java:2078)
	at com.askimed.nf.test.App.run(App.java:39)
	at com.askimed.nf.test.App.main(App.java:46)
Dec-05 11:08:02.331 [main] INFO  com.askimed.nf.test.core.TestExecutionEngine - Testsuite 'Test Process AGAT_CONVERTSPGXF2GXF' finished. snapshot file: true, skipped tests: false, failed tests: true
Dec-05 11:08:02.331 [main] INFO  com.askimed.nf.test.core.TestExecutionEngine - Executed 1 tests. 1 tests failed. Done!
